Using pre-set license
Built from '2020.3/staging' branch; Version is '2020.3.5f1 (8095aa901b9b) revision 8426922'; Using compiler version '192528614'; Build Type 'Release'
OS: 'Windows 10 Pro; OS build 19042.1288; Version 2009; 64bit' Language: 'pt' Physical Memory: 15820 MB
BatchMode: 1, IsHumanControllingUs: 0, StartBugReporterOnCrash: 0, Is64bit: 1, IsPro: 0

 COMMAND LINE ARGUMENTS:
C:\Program Files\Unity\Hub\Editor\2020.3.5f1\Editor\Unity.exe
-adb2
-batchMode
-noUpm
-name
AssetImportWorker2
-projectPath
C:/Projects/Unity/Slice It All Clone
-logFile
Logs/AssetImportWorker2.log
-srvPort
54324
Successfully changed project path to: C:/Projects/Unity/Slice It All Clone
C:/Projects/Unity/Slice It All Clone
Using Asset Import Pipeline V2.
Refreshing native plugins compatible for Editor in 24.23 ms, found 0 plugins.
Preloading 0 native plugins for Editor in 0.00 ms.
Initialize engine version: 2020.3.5f1 (8095aa901b9b)
[Subsystems] Discovering subsystems at path C:/Program Files/Unity/Hub/Editor/2020.3.5f1/Editor/Data/Resources/UnitySubsystems
[Subsystems] Discovering subsystems at path C:/Projects/Unity/Slice It All Clone/Assets
GfxDevice: creating device client; threaded=0
Direct3D:
    Version:  Direct3D 11.0 [level 11.1]
    Renderer: AMD Radeon(TM) RX Vega 11 Graphics (ID=0x15d8)
    Vendor:   
    VRAM:     7910 MB
    Driver:   27.20.21002.112
Initialize mono
Mono path[0] = 'C:/Program Files/Unity/Hub/Editor/2020.3.5f1/Editor/Data/Managed'
Mono path[1] = 'C:/Program Files/Unity/Hub/Editor/2020.3.5f1/Editor/Data/MonoBleedingEdge/lib/mono/unityjit'
Mono config path = 'C:/Program Files/Unity/Hub/Editor/2020.3.5f1/Editor/Data/MonoBleedingEdge/etc'
Using monoOptions --debugger-agent=transport=dt_socket,embedding=1,server=y,suspend=n,address=127.0.0.1:56844
Begin MonoManager ReloadAssembly
Registering precompiled unity dll's ...
Register platform support module: C:/Program Files/Unity/Hub/Editor/2020.3.5f1/Editor/Data/PlaybackEngines/WebGLSupport/UnityEditor.WebGL.Extensions.dll
Register platform support module: C:/Program Files/Unity/Hub/Editor/2020.3.5f1/Editor/Data/PlaybackEngines/WindowsStandaloneSupport/UnityEditor.WindowsStandalone.Extensions.dll
Registered in 0.002743 seconds.
Native extension for WindowsStandalone target not found
Native extension for WebGL target not found
Refreshing native plugins compatible for Editor in 22.91 ms, found 0 plugins.
Preloading 0 native plugins for Editor in 0.00 ms.
Mono: successfully reloaded assembly
- Completed reload, in  2.650 seconds
Platform modules already initialized, skipping
Registering precompiled user dll's ...
Registered in 0.000774 seconds.
Begin MonoManager ReloadAssembly
Native extension for WindowsStandalone target not found
Native extension for WebGL target not found
Refreshing native plugins compatible for Editor in 0.21 ms, found 0 plugins.
Preloading 0 native plugins for Editor in 0.00 ms.
Mono: successfully reloaded assembly
- Completed reload, in  0.863 seconds
Platform modules already initialized, skipping
========================================================================
Worker process is ready to serve import requests
Launched and connected shader compiler UnityShaderCompiler.exe after 0.09 seconds
Refreshing native plugins compatible for Editor in 0.32 ms, found 0 plugins.
Preloading 0 native plugins for Editor in 0.00 ms.
Unloading 1137 Unused Serialized files (Serialized files now loaded: 0)
System memory in use before: 59.6 MB.
System memory in use after: 59.6 MB.

Unloading 10 unused Assets to reduce memory usage. Loaded Objects now: 1580.
Total: 2.247000 ms (FindLiveObjects: 0.259500 ms CreateObjectMapping: 0.118100 ms MarkObjects: 1.776200 ms  DeleteObjects: 0.092000 ms)

========================================================================
Received Import Request.
  path: Assets/Scripts/Piece.cs
  artifactKey: Guid(fe0e8e69a7ab28744a23ea1549249928) Importer(815301076,1909f56bfc062723c751e8b465ee728b)
Start importing Assets/Scripts/Piece.cs using Guid(fe0e8e69a7ab28744a23ea1549249928) Importer(815301076,1909f56bfc062723c751e8b465ee728b)  -> (artifact id: 'db5034d6b6be56bc05f4e012d9d43291') in 0.034021 seconds
  Import took 0.035964 seconds .

========================================================================
Received Import Request.
  Time since last request: 0.438084 seconds.
  path: Assets/Scripts/Platform.cs
  artifactKey: Guid(57a2d902181384341a04a8aa46c42384) Importer(815301076,1909f56bfc062723c751e8b465ee728b)
Start importing Assets/Scripts/Platform.cs using Guid(57a2d902181384341a04a8aa46c42384) Importer(815301076,1909f56bfc062723c751e8b465ee728b)  -> (artifact id: '057a5096f1efe1113fe3553697c27df2') in 0.005215 seconds
  Import took 0.007373 seconds .

========================================================================
Received Import Request.
  Time since last request: 0.001129 seconds.
  path: Assets/Scripts/Platform.cs
  artifactKey: Guid(57a2d902181384341a04a8aa46c42384) Importer(815301076,1909f56bfc062723c751e8b465ee728b)
Start importing Assets/Scripts/Platform.cs using Guid(57a2d902181384341a04a8aa46c42384) Importer(815301076,1909f56bfc062723c751e8b465ee728b)  -> (artifact id: '057a5096f1efe1113fe3553697c27df2') in 0.004836 seconds
  Import took 0.006841 seconds .

========================================================================
Received Prepare
Registering precompiled user dll's ...
Registered in 0.000741 seconds.
Begin MonoManager ReloadAssembly
Native extension for WindowsStandalone target not found
Native extension for WebGL target not found
Refreshing native plugins compatible for Editor in 0.29 ms, found 0 plugins.
Preloading 0 native plugins for Editor in 0.00 ms.
Mono: successfully reloaded assembly
- Completed reload, in  0.810 seconds
Platform modules already initialized, skipping
Refreshing native plugins compatible for Editor in 0.20 ms, found 0 plugins.
Preloading 0 native plugins for Editor in 0.00 ms.
Unloading 1119 Unused Serialized files (Serialized files now loaded: 0)
System memory in use before: 58.2 MB.
System memory in use after: 58.3 MB.

Unloading 5 unused Assets to reduce memory usage. Loaded Objects now: 1583.
Total: 1.874400 ms (FindLiveObjects: 0.147400 ms CreateObjectMapping: 0.031000 ms MarkObjects: 1.631500 ms  DeleteObjects: 0.062900 ms)

========================================================================
Received Import Request.
  Time since last request: 174.732585 seconds.
  path: Assets/Scripts/Platform.cs
  artifactKey: Guid(57a2d902181384341a04a8aa46c42384) Importer(815301076,1909f56bfc062723c751e8b465ee728b)
Start importing Assets/Scripts/Platform.cs using Guid(57a2d902181384341a04a8aa46c42384) Importer(815301076,1909f56bfc062723c751e8b465ee728b)  -> (artifact id: '08c676a61d51d2e5c9a4e03ad86e33ab') in 0.005440 seconds
  Import took 0.007680 seconds .

========================================================================
Received Prepare
Registering precompiled user dll's ...
Registered in 0.000837 seconds.
Begin MonoManager ReloadAssembly
Native extension for WindowsStandalone target not found
Native extension for WebGL target not found
Refreshing native plugins compatible for Editor in 0.21 ms, found 0 plugins.
Preloading 0 native plugins for Editor in 0.00 ms.
Mono: successfully reloaded assembly
- Completed reload, in  0.807 seconds
Platform modules already initialized, skipping
Refreshing native plugins compatible for Editor in 0.20 ms, found 0 plugins.
Preloading 0 native plugins for Editor in 0.00 ms.
Unloading 1119 Unused Serialized files (Serialized files now loaded: 0)
System memory in use before: 58.3 MB.
System memory in use after: 58.3 MB.

Unloading 5 unused Assets to reduce memory usage. Loaded Objects now: 1586.
Total: 1.809700 ms (FindLiveObjects: 0.147200 ms CreateObjectMapping: 0.037200 ms MarkObjects: 1.559400 ms  DeleteObjects: 0.064800 ms)

========================================================================
Received Import Request.
  Time since last request: 126.136824 seconds.
  path: Assets/Scripts/Platform.cs
  artifactKey: Guid(57a2d902181384341a04a8aa46c42384) Importer(815301076,1909f56bfc062723c751e8b465ee728b)
Start importing Assets/Scripts/Platform.cs using Guid(57a2d902181384341a04a8aa46c42384) Importer(815301076,1909f56bfc062723c751e8b465ee728b)  -> (artifact id: '7ec77f5859bac78c187aed6f92d3ca4a') in 0.005707 seconds
  Import took 0.007932 seconds .

========================================================================
Received Prepare
Registering precompiled user dll's ...
Registered in 0.000776 seconds.
Begin MonoManager ReloadAssembly
Native extension for WindowsStandalone target not found
Native extension for WebGL target not found
Refreshing native plugins compatible for Editor in 0.20 ms, found 0 plugins.
Preloading 0 native plugins for Editor in 0.00 ms.
Mono: successfully reloaded assembly
- Completed reload, in  0.791 seconds
Platform modules already initialized, skipping
Refreshing native plugins compatible for Editor in 0.20 ms, found 0 plugins.
Preloading 0 native plugins for Editor in 0.00 ms.
Unloading 1119 Unused Serialized files (Serialized files now loaded: 0)
System memory in use before: 58.3 MB.
System memory in use after: 58.4 MB.

Unloading 5 unused Assets to reduce memory usage. Loaded Objects now: 1589.
Total: 1.815500 ms (FindLiveObjects: 0.147300 ms CreateObjectMapping: 0.032100 ms MarkObjects: 1.575900 ms  DeleteObjects: 0.059300 ms)

========================================================================
Received Import Request.
  Time since last request: 114.853405 seconds.
  path: Assets/Scripts/Spawner.cs
  artifactKey: Guid(e940c65e11c331645975f354089f1262) Importer(815301076,1909f56bfc062723c751e8b465ee728b)
Start importing Assets/Scripts/Spawner.cs using Guid(e940c65e11c331645975f354089f1262) Importer(815301076,1909f56bfc062723c751e8b465ee728b)  -> (artifact id: 'b30239edfee822e6366b40728ca1f700') in 0.013305 seconds
  Import took 0.015452 seconds .

========================================================================
Received Prepare
Registering precompiled user dll's ...
Registered in 0.000714 seconds.
Begin MonoManager ReloadAssembly
Native extension for WindowsStandalone target not found
Native extension for WebGL target not found
Refreshing native plugins compatible for Editor in 0.20 ms, found 0 plugins.
Preloading 0 native plugins for Editor in 0.00 ms.
Mono: successfully reloaded assembly
- Completed reload, in  0.819 seconds
Platform modules already initialized, skipping
Refreshing native plugins compatible for Editor in 0.20 ms, found 0 plugins.
Preloading 0 native plugins for Editor in 0.00 ms.
Unloading 1119 Unused Serialized files (Serialized files now loaded: 0)
System memory in use before: 58.3 MB.
System memory in use after: 58.3 MB.

Unloading 5 unused Assets to reduce memory usage. Loaded Objects now: 1592.
Total: 1.725200 ms (FindLiveObjects: 0.135500 ms CreateObjectMapping: 0.030500 ms MarkObjects: 1.502300 ms  DeleteObjects: 0.056000 ms)

========================================================================
Received Prepare
Registering precompiled user dll's ...
Registered in 0.000913 seconds.
Begin MonoManager ReloadAssembly
Native extension for WindowsStandalone target not found
Native extension for WebGL target not found
Refreshing native plugins compatible for Editor in 0.20 ms, found 0 plugins.
Preloading 0 native plugins for Editor in 0.00 ms.
Mono: successfully reloaded assembly
- Completed reload, in  0.838 seconds
Platform modules already initialized, skipping
Refreshing native plugins compatible for Editor in 0.20 ms, found 0 plugins.
Preloading 0 native plugins for Editor in 0.00 ms.
Unloading 1119 Unused Serialized files (Serialized files now loaded: 0)
System memory in use before: 58.3 MB.
System memory in use after: 58.4 MB.

Unloading 5 unused Assets to reduce memory usage. Loaded Objects now: 1595.
Total: 1.945200 ms (FindLiveObjects: 0.152800 ms CreateObjectMapping: 0.033700 ms MarkObjects: 1.692200 ms  DeleteObjects: 0.065100 ms)

========================================================================
Received Prepare
Registering precompiled user dll's ...
Registered in 0.001018 seconds.
Begin MonoManager ReloadAssembly
Native extension for WindowsStandalone target not found
Native extension for WebGL target not found
Refreshing native plugins compatible for Editor in 0.23 ms, found 0 plugins.
Preloading 0 native plugins for Editor in 0.00 ms.
Mono: successfully reloaded assembly
- Completed reload, in  0.807 seconds
Platform modules already initialized, skipping
Refreshing native plugins compatible for Editor in 0.20 ms, found 0 plugins.
Preloading 0 native plugins for Editor in 0.00 ms.
Unloading 1119 Unused Serialized files (Serialized files now loaded: 0)
System memory in use before: 58.3 MB.
System memory in use after: 58.4 MB.

Unloading 5 unused Assets to reduce memory usage. Loaded Objects now: 1598.
Total: 1.822500 ms (FindLiveObjects: 0.149000 ms CreateObjectMapping: 0.032400 ms MarkObjects: 1.580300 ms  DeleteObjects: 0.059600 ms)

========================================================================
Received Prepare
Registering precompiled user dll's ...
Registered in 0.000782 seconds.
Begin MonoManager ReloadAssembly
Native extension for WindowsStandalone target not found
Native extension for WebGL target not found
Refreshing native plugins compatible for Editor in 0.20 ms, found 0 plugins.
Preloading 0 native plugins for Editor in 0.00 ms.
Mono: successfully reloaded assembly
- Completed reload, in  0.758 seconds
Platform modules already initialized, skipping
Refreshing native plugins compatible for Editor in 0.34 ms, found 0 plugins.
Preloading 0 native plugins for Editor in 0.00 ms.
Unloading 1119 Unused Serialized files (Serialized files now loaded: 0)
System memory in use before: 58.3 MB.
System memory in use after: 58.4 MB.

Unloading 5 unused Assets to reduce memory usage. Loaded Objects now: 1601.
Total: 1.807100 ms (FindLiveObjects: 0.164800 ms CreateObjectMapping: 0.031800 ms MarkObjects: 1.551300 ms  DeleteObjects: 0.058100 ms)

========================================================================
Received Prepare
Registering precompiled user dll's ...
Registered in 0.000699 seconds.
Begin MonoManager ReloadAssembly
Native extension for WindowsStandalone target not found
Native extension for WebGL target not found
Refreshing native plugins compatible for Editor in 0.25 ms, found 0 plugins.
Preloading 0 native plugins for Editor in 0.00 ms.
Mono: successfully reloaded assembly
- Completed reload, in  0.844 seconds
Platform modules already initialized, skipping
Refreshing native plugins compatible for Editor in 0.20 ms, found 0 plugins.
Preloading 0 native plugins for Editor in 0.00 ms.
Unloading 1119 Unused Serialized files (Serialized files now loaded: 0)
System memory in use before: 58.3 MB.
System memory in use after: 58.4 MB.

Unloading 5 unused Assets to reduce memory usage. Loaded Objects now: 1604.
Total: 1.946000 ms (FindLiveObjects: 0.193600 ms CreateObjectMapping: 0.041600 ms MarkObjects: 1.646500 ms  DeleteObjects: 0.063300 ms)

========================================================================
Received Prepare
Registering precompiled user dll's ...
Registered in 0.000736 seconds.
Begin MonoManager ReloadAssembly
Native extension for WindowsStandalone target not found
Native extension for WebGL target not found
Refreshing native plugins compatible for Editor in 0.35 ms, found 0 plugins.
Preloading 0 native plugins for Editor in 0.00 ms.
Mono: successfully reloaded assembly
- Completed reload, in  0.841 seconds
Platform modules already initialized, skipping
Refreshing native plugins compatible for Editor in 0.20 ms, found 0 plugins.
Preloading 0 native plugins for Editor in 0.00 ms.
Unloading 1119 Unused Serialized files (Serialized files now loaded: 0)
System memory in use before: 58.3 MB.
System memory in use after: 58.4 MB.

Unloading 5 unused Assets to reduce memory usage. Loaded Objects now: 1607.
Total: 1.855400 ms (FindLiveObjects: 0.143400 ms CreateObjectMapping: 0.030000 ms MarkObjects: 1.625500 ms  DeleteObjects: 0.055000 ms)

========================================================================
Received Prepare
Registering precompiled user dll's ...
Registered in 0.000882 seconds.
Begin MonoManager ReloadAssembly
Native extension for WindowsStandalone target not found
Native extension for WebGL target not found
Refreshing native plugins compatible for Editor in 0.21 ms, found 0 plugins.
Preloading 0 native plugins for Editor in 0.00 ms.
Mono: successfully reloaded assembly
- Completed reload, in  0.818 seconds
Platform modules already initialized, skipping
Refreshing native plugins compatible for Editor in 0.21 ms, found 0 plugins.
Preloading 0 native plugins for Editor in 0.00 ms.
Unloading 1119 Unused Serialized files (Serialized files now loaded: 0)
System memory in use before: 58.3 MB.
System memory in use after: 58.4 MB.

Unloading 5 unused Assets to reduce memory usage. Loaded Objects now: 1610.
Total: 1.635200 ms (FindLiveObjects: 0.140200 ms CreateObjectMapping: 0.027700 ms MarkObjects: 1.411200 ms  DeleteObjects: 0.055100 ms)

========================================================================
Received Prepare
Registering precompiled user dll's ...
Registered in 0.000877 seconds.
Begin MonoManager ReloadAssembly
Native extension for WindowsStandalone target not found
Native extension for WebGL target not found
Refreshing native plugins compatible for Editor in 0.33 ms, found 0 plugins.
Preloading 0 native plugins for Editor in 0.00 ms.
Mono: successfully reloaded assembly
- Completed reload, in  1.233 seconds
Platform modules already initialized, skipping
Refreshing native plugins compatible for Editor in 0.20 ms, found 0 plugins.
Preloading 0 native plugins for Editor in 0.00 ms.
Unloading 1119 Unused Serialized files (Serialized files now loaded: 0)
System memory in use before: 58.3 MB.
System memory in use after: 58.4 MB.

Unloading 5 unused Assets to reduce memory usage. Loaded Objects now: 1613.
Total: 2.098300 ms (FindLiveObjects: 0.175800 ms CreateObjectMapping: 0.035600 ms MarkObjects: 1.819500 ms  DeleteObjects: 0.065500 ms)

========================================================================
Received Prepare
Refreshing native plugins compatible for Editor in 0.77 ms, found 0 plugins.
Preloading 0 native plugins for Editor in 0.00 ms.
Unloading 3 Unused Serialized files (Serialized files now loaded: 0)
System memory in use before: 36.2 MB.
System memory in use after: 36.3 MB.

Unloading 3 unused Assets to reduce memory usage. Loaded Objects now: 1613.
Total: 1.625700 ms (FindLiveObjects: 0.188600 ms CreateObjectMapping: 0.040400 ms MarkObjects: 1.345200 ms  DeleteObjects: 0.050600 ms)

========================================================================
Received Import Request.
  Time since last request: 793.071975 seconds.
  path: Assets/Scripts/GameController.cs
  artifactKey: Guid(65ce4f4bf5adf5449979d3f6f4660920) Importer(815301076,1909f56bfc062723c751e8b465ee728b)
Start importing Assets/Scripts/GameController.cs using Guid(65ce4f4bf5adf5449979d3f6f4660920) Importer(815301076,1909f56bfc062723c751e8b465ee728b)  -> (artifact id: 'dbac8a603369c80451f6ecbb33beb0a7') in 0.009975 seconds
  Import took 0.011951 seconds .

========================================================================
Received Import Request.
  Time since last request: 0.027687 seconds.
  path: Assets/Scripts/GameController.cs
  artifactKey: Guid(65ce4f4bf5adf5449979d3f6f4660920) Importer(815301076,1909f56bfc062723c751e8b465ee728b)
Start importing Assets/Scripts/GameController.cs using Guid(65ce4f4bf5adf5449979d3f6f4660920) Importer(815301076,1909f56bfc062723c751e8b465ee728b)  -> (artifact id: 'dbac8a603369c80451f6ecbb33beb0a7') in 0.005312 seconds
  Import took 0.007810 seconds .

========================================================================
Received Prepare
Registering precompiled user dll's ...
Registered in 0.000732 seconds.
Begin MonoManager ReloadAssembly
Native extension for WindowsStandalone target not found
Native extension for WebGL target not found
Refreshing native plugins compatible for Editor in 0.25 ms, found 0 plugins.
Preloading 0 native plugins for Editor in 0.00 ms.
Mono: successfully reloaded assembly
- Completed reload, in  0.868 seconds
Platform modules already initialized, skipping
Refreshing native plugins compatible for Editor in 0.22 ms, found 0 plugins.
Preloading 0 native plugins for Editor in 0.00 ms.
Unloading 1119 Unused Serialized files (Serialized files now loaded: 0)
System memory in use before: 58.4 MB.
System memory in use after: 58.5 MB.

Unloading 5 unused Assets to reduce memory usage. Loaded Objects now: 1616.
Total: 2.012700 ms (FindLiveObjects: 0.151900 ms CreateObjectMapping: 0.035100 ms MarkObjects: 1.762000 ms  DeleteObjects: 0.062300 ms)

========================================================================
Received Import Request.
  Time since last request: 29.190399 seconds.
  path: Assets/Scripts/GameController.cs
  artifactKey: Guid(65ce4f4bf5adf5449979d3f6f4660920) Importer(815301076,1909f56bfc062723c751e8b465ee728b)
Start importing Assets/Scripts/GameController.cs using Guid(65ce4f4bf5adf5449979d3f6f4660920) Importer(815301076,1909f56bfc062723c751e8b465ee728b)  -> (artifact id: 'ef5bbf81c0284db68dc66be5ecfcead8') in 0.005835 seconds
  Import took 0.007991 seconds .

========================================================================
Received Prepare
Refreshing native plugins compatible for Editor in 0.79 ms, found 0 plugins.
Preloading 0 native plugins for Editor in 0.00 ms.
Unloading 3 Unused Serialized files (Serialized files now loaded: 0)
System memory in use before: 36.3 MB.
System memory in use after: 36.4 MB.

Unloading 3 unused Assets to reduce memory usage. Loaded Objects now: 1616.
Total: 2.359100 ms (FindLiveObjects: 0.209700 ms CreateObjectMapping: 0.042400 ms MarkObjects: 2.039900 ms  DeleteObjects: 0.065500 ms)

========================================================================
Received Import Request.
  Time since last request: 392.112149 seconds.
  path: Assets/Prefabs/BlockDark.prefab
  artifactKey: Guid(b47b23550f533d34fa2587974ee4978f) Importer(815301076,1909f56bfc062723c751e8b465ee728b)
Start importing Assets/Prefabs/BlockDark.prefab using Guid(b47b23550f533d34fa2587974ee4978f) Importer(815301076,1909f56bfc062723c751e8b465ee728b)  -> (artifact id: 'f8b1cdec7e9a351c9f15f96956e76731') in 0.089313 seconds
  Import took 0.091450 seconds .

========================================================================
Received Import Request.
  Time since last request: 0.000260 seconds.
  path: Assets/Prefabs/Platform.prefab
  artifactKey: Guid(f077915cf3e9f7948a392fd27e5a1e2d) Importer(815301076,1909f56bfc062723c751e8b465ee728b)
Start importing Assets/Prefabs/Platform.prefab using Guid(f077915cf3e9f7948a392fd27e5a1e2d) Importer(815301076,1909f56bfc062723c751e8b465ee728b)  -> (artifact id: '0a32416edfa9ed50569e072fd388c1df') in 0.016073 seconds
  Import took 0.018155 seconds .

========================================================================
Received Import Request.
  Time since last request: 4.168528 seconds.
  path: Assets/Prefabs/Block.prefab
  artifactKey: Guid(b47b23550f533d34fa2587974ee4978f) Importer(815301076,1909f56bfc062723c751e8b465ee728b)
Start importing Assets/Prefabs/Block.prefab using Guid(b47b23550f533d34fa2587974ee4978f) Importer(815301076,1909f56bfc062723c751e8b465ee728b)  -> (artifact id: 'b124aa338619ffc75c69237319b06234') in 0.032067 seconds
  Import took 0.034269 seconds .

========================================================================
Received Import Request.
  Time since last request: 0.000241 seconds.
  path: Assets/Prefabs/Platform.prefab
  artifactKey: Guid(f077915cf3e9f7948a392fd27e5a1e2d) Importer(815301076,1909f56bfc062723c751e8b465ee728b)
Start importing Assets/Prefabs/Platform.prefab using Guid(f077915cf3e9f7948a392fd27e5a1e2d) Importer(815301076,1909f56bfc062723c751e8b465ee728b)  -> (artifact id: '73f7a3ad0cba48bcc923e73a12762a72') in 0.013461 seconds
  Import took 0.015874 seconds .

========================================================================
Received Import Request.
  Time since last request: 3.394759 seconds.
  path: Assets/Scenes/Game
  artifactKey: Guid(c00f9fa83611fe841a1ecb89fe6ff476) Importer(815301076,1909f56bfc062723c751e8b465ee728b)
Start importing Assets/Scenes/Game using Guid(c00f9fa83611fe841a1ecb89fe6ff476) Importer(815301076,1909f56bfc062723c751e8b465ee728b)  -> (artifact id: 'a0c68371ed8e7c47c1868b1d4f8da89c') in 0.009076 seconds
  Import took 0.011589 seconds .

========================================================================
Received Import Request.
  Time since last request: 0.009454 seconds.
  path: Assets/Scenes/Game/LightingData.asset
  artifactKey: Guid(d387108508d6f48439ed08ca256f4fda) Importer(815301076,1909f56bfc062723c751e8b465ee728b)
Start importing Assets/Scenes/Game/LightingData.asset using Guid(d387108508d6f48439ed08ca256f4fda) Importer(815301076,1909f56bfc062723c751e8b465ee728b)  -> (artifact id: '49c70e7b6af8d0976c5594d6a6cf0580') in 0.008585 seconds
  Import took 0.010505 seconds .

========================================================================
Received Import Request.
  Time since last request: 0.029410 seconds.
  path: Assets/Scenes/Game/ReflectionProbe-0.exr
  artifactKey: Guid(8207ef5058ed9854eb4af4350de7a3c1) Importer(815301076,1909f56bfc062723c751e8b465ee728b)
Start importing Assets/Scenes/Game/ReflectionProbe-0.exr using Guid(8207ef5058ed9854eb4af4350de7a3c1) Importer(815301076,1909f56bfc062723c751e8b465ee728b)  -> (artifact id: '5513e4c8699af8e3cf3f23aff43c8852') in 0.093757 seconds
  Import took 0.095857 seconds .

========================================================================
Received Prepare
Registering precompiled user dll's ...
Registered in 0.000876 seconds.
Begin MonoManager ReloadAssembly
Native extension for WindowsStandalone target not found
Native extension for WebGL target not found
Refreshing native plugins compatible for Editor in 0.26 ms, found 0 plugins.
Preloading 0 native plugins for Editor in 0.00 ms.
Mono: successfully reloaded assembly
- Completed reload, in  0.974 seconds
Platform modules already initialized, skipping
Refreshing native plugins compatible for Editor in 0.46 ms, found 0 plugins.
Preloading 0 native plugins for Editor in 0.00 ms.
Unloading 1119 Unused Serialized files (Serialized files now loaded: 0)
System memory in use before: 61.8 MB.
System memory in use after: 61.9 MB.

Unloading 6 unused Assets to reduce memory usage. Loaded Objects now: 1652.
Total: 2.178500 ms (FindLiveObjects: 0.220200 ms CreateObjectMapping: 0.041800 ms MarkObjects: 1.841700 ms  DeleteObjects: 0.072900 ms)

